{"E:\\SourceCode\\Projects\\fems\\src\\data\\register.testcases.json": {"path":"E:\\SourceCode\\Projects\\fems\\src\\data\\register.testcases.json","statementMap":{},"fnMap":{},"branchMap":{},"s":{},"f":{},"b":{},"meta":{"lastBranch":0,"lastFunction":0,"lastStatement":0,"seen":{}}}
,"E:\\SourceCode\\Projects\\fems\\src\\data\\users.json": {"path":"E:\\SourceCode\\Projects\\fems\\src\\data\\users.json","statementMap":{},"fnMap":{},"branchMap":{},"s":{},"f":{},"b":{},"meta":{"lastBranch":0,"lastFunction":0,"lastStatement":0,"seen":{}}}
,"E:\\SourceCode\\Projects\\fems\\src\\data\\validators.testcases.json": {"path":"E:\\SourceCode\\Projects\\fems\\src\\data\\validators.testcases.json","statementMap":{},"fnMap":{},"branchMap":{},"s":{},"f":{},"b":{},"meta":{"lastBranch":0,"lastFunction":0,"lastStatement":0,"seen":{}}}
,"E:\\SourceCode\\Projects\\fems\\src\\services\\registerService.js": {"path":"E:\\SourceCode\\Projects\\fems\\src\\services\\registerService.js","statementMap":{"0":{"start":{"line":6,"column":40},"end":{"line":6,"column":45}},"1":{"start":{"line":8,"column":2},"end":{"line":9,"column":37}},"2":{"start":{"line":9,"column":4},"end":{"line":9,"column":37}},"3":{"start":{"line":11,"column":2},"end":{"line":12,"column":39}},"4":{"start":{"line":12,"column":4},"end":{"line":12,"column":39}},"5":{"start":{"line":14,"column":2},"end":{"line":15,"column":42}},"6":{"start":{"line":15,"column":4},"end":{"line":15,"column":42}},"7":{"start":{"line":17,"column":2},"end":{"line":18,"column":41}},"8":{"start":{"line":18,"column":4},"end":{"line":18,"column":41}},"9":{"start":{"line":20,"column":2},"end":{"line":21,"column":38}},"10":{"start":{"line":21,"column":4},"end":{"line":21,"column":38}},"11":{"start":{"line":23,"column":2},"end":{"line":23,"column":31}}},"fnMap":{"0":{"name":"register","decl":{"start":{"line":5,"column":16},"end":{"line":5,"column":24}},"loc":{"start":{"line":5,"column":39},"end":{"line":24,"column":1}},"line":5}},"branchMap":{"0":{"loc":{"start":{"line":8,"column":2},"end":{"line":9,"column":37}},"type":"if","locations":[{"start":{"line":8,"column":2},"end":{"line":9,"column":37}},{"start":{},"end":{}}],"line":8},"1":{"loc":{"start":{"line":8,"column":5},"end":{"line":8,"column":62}},"type":"binary-expr","locations":[{"start":{"line":8,"column":5},"end":{"line":8,"column":23}},{"start":{"line":8,"column":26},"end":{"line":8,"column":41}},{"start":{"line":8,"column":44},"end":{"line":8,"column":62}}],"line":8},"2":{"loc":{"start":{"line":11,"column":2},"end":{"line":12,"column":39}},"type":"if","locations":[{"start":{"line":11,"column":2},"end":{"line":12,"column":39}},{"start":{},"end":{}}],"line":11},"3":{"loc":{"start":{"line":14,"column":2},"end":{"line":15,"column":42}},"type":"if","locations":[{"start":{"line":14,"column":2},"end":{"line":15,"column":42}},{"start":{},"end":{}}],"line":14},"4":{"loc":{"start":{"line":17,"column":2},"end":{"line":18,"column":41}},"type":"if","locations":[{"start":{"line":17,"column":2},"end":{"line":18,"column":41}},{"start":{},"end":{}}],"line":17},"5":{"loc":{"start":{"line":20,"column":2},"end":{"line":21,"column":38}},"type":"if","locations":[{"start":{"line":20,"column":2},"end":{"line":21,"column":38}},{"start":{},"end":{}}],"line":20}},"s":{"0":6,"1":6,"2":1,"3":5,"4":1,"5":4,"6":1,"7":3,"8":1,"9":2,"10":2,"11":1},"f":{"0":6},"b":{"0":[1,5],"1":[6,5,5],"2":[1,4],"3":[1,3],"4":[1,2],"5":[1,1]},"meta":{"lastBranch":6,"lastFunction":1,"lastStatement":12,"seen":{"f:5:16:5:24":0,"s:6:40:6:45":0,"b:8:2:9:37:undefined:undefined:undefined:undefined":0,"s:8:2:9:37":1,"b:8:5:8:23:8:26:8:41:8:44:8:62":1,"s:9:4:9:37":2,"b:11:2:12:39:undefined:undefined:undefined:undefined":2,"s:11:2:12:39":3,"s:12:4:12:39":4,"b:14:2:15:42:undefined:undefined:undefined:undefined":3,"s:14:2:15:42":5,"s:15:4:15:42":6,"b:17:2:18:41:undefined:undefined:undefined:undefined":4,"s:17:2:18:41":7,"s:18:4:18:41":8,"b:20:2:21:38:undefined:undefined:undefined:undefined":5,"s:20:2:21:38":9,"s:21:4:21:38":10,"s:23:2:23:31":11}}}
,"E:\\SourceCode\\Projects\\fems\\src\\services\\userService.js": {"path":"E:\\SourceCode\\Projects\\fems\\src\\services\\userService.js","statementMap":{"0":{"start":{"line":2,"column":2},"end":{"line":2,"column":49}},"1":{"start":{"line":2,"column":25},"end":{"line":2,"column":48}},"2":{"start":{"line":6,"column":2},"end":{"line":6,"column":43}},"3":{"start":{"line":6,"column":25},"end":{"line":6,"column":42}}},"fnMap":{"0":{"name":"isUsernameExists","decl":{"start":{"line":1,"column":16},"end":{"line":1,"column":32}},"loc":{"start":{"line":1,"column":50},"end":{"line":3,"column":1}},"line":1},"1":{"name":"(anonymous_1)","decl":{"start":{"line":2,"column":20},"end":{"line":2,"column":21}},"loc":{"start":{"line":2,"column":25},"end":{"line":2,"column":48}},"line":2},"2":{"name":"isEmailExists","decl":{"start":{"line":5,"column":16},"end":{"line":5,"column":29}},"loc":{"start":{"line":5,"column":44},"end":{"line":7,"column":1}},"line":5},"3":{"name":"(anonymous_3)","decl":{"start":{"line":6,"column":20},"end":{"line":6,"column":21}},"loc":{"start":{"line":6,"column":25},"end":{"line":6,"column":42}},"line":6}},"branchMap":{},"s":{"0":5,"1":16,"2":4,"3":12},"f":{"0":5,"1":16,"2":4,"3":12},"b":{},"meta":{"lastBranch":0,"lastFunction":4,"lastStatement":4,"seen":{"f:1:16:1:32":0,"s:2:2:2:49":0,"f:2:20:2:21":1,"s:2:25:2:48":1,"f:5:16:5:29":2,"s:6:2:6:43":2,"f:6:20:6:21":3,"s:6:25:6:42":3}}}
,"E:\\SourceCode\\Projects\\fems\\src\\utils\\registerResult.js": {"path":"E:\\SourceCode\\Projects\\fems\\src\\utils\\registerResult.js","statementMap":{"0":{"start":{"line":1,"column":30},"end":{"line":8,"column":1}}},"fnMap":{},"branchMap":{},"s":{"0":1},"f":{},"b":{},"meta":{"lastBranch":0,"lastFunction":0,"lastStatement":1,"seen":{"s:1:30:8:1":0}}}
,"E:\\SourceCode\\Projects\\fems\\src\\utils\\validators.js": {"path":"E:\\SourceCode\\Projects\\fems\\src\\utils\\validators.js","statementMap":{"0":{"start":{"line":2,"column":2},"end":{"line":2,"column":38}},"1":{"start":{"line":6,"column":2},"end":{"line":6,"column":29}},"2":{"start":{"line":10,"column":2},"end":{"line":10,"column":34}},"3":{"start":{"line":10,"column":22},"end":{"line":10,"column":34}},"4":{"start":{"line":11,"column":21},"end":{"line":11,"column":49}},"5":{"start":{"line":12,"column":2},"end":{"line":12,"column":31}}},"fnMap":{"0":{"name":"isEmpty","decl":{"start":{"line":1,"column":16},"end":{"line":1,"column":23}},"loc":{"start":{"line":1,"column":31},"end":{"line":3,"column":1}},"line":1},"1":{"name":"isValidPassword","decl":{"start":{"line":5,"column":16},"end":{"line":5,"column":31}},"loc":{"start":{"line":5,"column":42},"end":{"line":7,"column":1}},"line":5},"2":{"name":"isValidEmail","decl":{"start":{"line":9,"column":16},"end":{"line":9,"column":28}},"loc":{"start":{"line":9,"column":36},"end":{"line":13,"column":1}},"line":9}},"branchMap":{"0":{"loc":{"start":{"line":2,"column":9},"end":{"line":2,"column":38}},"type":"binary-expr","locations":[{"start":{"line":2,"column":9},"end":{"line":2,"column":15}},{"start":{"line":2,"column":19},"end":{"line":2,"column":38}}],"line":2},"1":{"loc":{"start":{"line":10,"column":2},"end":{"line":10,"column":34}},"type":"if","locations":[{"start":{"line":10,"column":2},"end":{"line":10,"column":34}},{"start":{},"end":{}}],"line":10}},"s":{"0":27,"1":6,"2":8,"3":1,"4":7,"5":7},"f":{"0":27,"1":6,"2":8},"b":{"0":[27,24],"1":[1,7]},"meta":{"lastBranch":2,"lastFunction":3,"lastStatement":6,"seen":{"f:1:16:1:23":0,"s:2:2:2:38":0,"b:2:9:2:15:2:19:2:38":0,"f:5:16:5:31":1,"s:6:2:6:29":1,"f:9:16:9:28":2,"b:10:2:10:34:undefined:undefined:undefined:undefined":1,"s:10:2:10:34":2,"s:10:22:10:34":3,"s:11:21:11:49":4,"s:12:2:12:31":5}}}
}
